2025-04-11 20:21:32,420 - routes.ml - INFO - Sending RPC request with message: vzuh111111
2025-04-11 20:22:04,690 - routes.ml - ERROR - Unexpected error in RPC call: RPC call failed: Request timed out after 10.0 seconds
2025-04-11 21:00:13,532 - routes.ml - INFO - Sending RPC request with message: vzuh1111
2025-04-11 21:00:45,793 - routes.ml - ERROR - Unexpected error in RPC call: RPC call failed: Request timed out after 10.0 seconds
2025-04-12 07:16:29,434 - routes.ml - INFO - Sending RPC request with message: vzuh111
2025-04-12 07:16:51,771 - routes.ml - ERROR - Unexpected error in RPC call: RPC call failed: Request timed out after 10.0 seconds
2025-04-12 07:17:00,369 - routes.ml - INFO - Sending RPC request with message: vzuh111
2025-04-12 07:17:32,638 - routes.ml - ERROR - Unexpected error in RPC call: RPC call failed: Request timed out after 10.0 seconds
2025-04-12 07:43:31,518 - routes.ml - INFO - Sending RPC request with message: Вжух!!!
2025-04-12 07:43:31,567 - routes.ml - INFO - Received RPC response: [RESULT] Просто офигенский результат работы модели, который так понравится пользователю, что прям вах!
2025-04-15 08:52:13,841 - api - INFO - Инициализация базы данных...
2025-04-15 08:52:15,064 - api - INFO - Запуск приложения успешно завершен
2025-04-15 08:53:09,663 - api - INFO - Инициализация базы данных...
2025-04-15 08:53:10,809 - api - INFO - Запуск приложения успешно завершен
2025-04-15 08:53:30,303 - api - INFO - Инициализация базы данных...
2025-04-15 08:53:31,412 - api - INFO - Запуск приложения успешно завершен
2025-04-15 08:53:43,071 - api - INFO - Инициализация базы данных...
2025-04-15 08:53:44,169 - api - INFO - Запуск приложения успешно завершен
2025-04-15 08:56:58,609 - api - INFO - Инициализация базы данных...
2025-04-15 08:57:00,080 - api - INFO - Запуск приложения успешно завершен
2025-04-15 09:46:34,678 - api - INFO - Инициализация базы данных...
2025-04-15 09:46:36,023 - api - INFO - Запуск приложения успешно завершен
2025-04-15 09:46:36,723 - api - INFO - Инициализация базы данных...
2025-04-15 09:46:38,215 - api - INFO - Запуск приложения успешно завершен
2025-04-15 09:49:33,739 - api - INFO - Инициализация базы данных...
2025-04-15 09:49:35,180 - api - INFO - Запуск приложения успешно завершен
2025-04-15 10:24:38,494 - api - INFO - Инициализация базы данных...
2025-04-15 10:24:40,002 - api - INFO - Запуск приложения успешно завершен
2025-04-15 10:26:01,022 - api - INFO - Инициализация базы данных...
2025-04-15 10:26:02,473 - api - INFO - Запуск приложения успешно завершен
2025-04-15 10:26:03,771 - api - INFO - Инициализация базы данных...
2025-04-15 10:26:04,932 - api - INFO - Запуск приложения успешно завершен
2025-04-15 10:26:05,970 - api - INFO - Инициализация базы данных...
2025-04-15 10:26:07,151 - api - INFO - Запуск приложения успешно завершен
2025-04-15 10:26:10,712 - api - INFO - Инициализация базы данных...
2025-04-15 10:26:11,656 - api - INFO - Запуск приложения успешно завершен
2025-04-15 10:26:13,978 - api - INFO - Инициализация базы данных...
2025-04-15 10:26:14,675 - api - INFO - Запуск приложения успешно завершен
2025-04-15 10:26:17,707 - api - INFO - Инициализация базы данных...
2025-04-15 10:26:18,074 - api - INFO - Запуск приложения успешно завершен
2025-04-15 10:28:22,302 - api - INFO - Инициализация базы данных...
2025-04-15 10:28:22,719 - api - INFO - Запуск приложения успешно завершен
2025-04-15 10:28:26,371 - api - INFO - Инициализация базы данных...
2025-04-15 10:28:26,739 - api - INFO - Запуск приложения успешно завершен
2025-04-15 10:29:21,248 - api - INFO - Инициализация базы данных...
2025-04-15 10:29:21,592 - api - INFO - Запуск приложения успешно завершен
2025-04-15 10:41:36,322 - api - INFO - Инициализация базы данных...
2025-04-15 10:41:37,859 - api - INFO - Запуск приложения успешно завершен
2025-04-15 10:44:21,783 - api - INFO - Инициализация базы данных...
2025-04-15 10:44:24,855 - api - INFO - Запуск приложения успешно завершен
2025-04-15 10:44:26,375 - api - INFO - Инициализация базы данных...
2025-04-15 10:44:31,062 - api - INFO - Запуск приложения успешно завершен
2025-04-15 10:44:32,437 - api - INFO - Инициализация базы данных...
2025-04-15 10:44:35,050 - api - INFO - Запуск приложения успешно завершен
2025-04-15 10:45:11,464 - api - INFO - Инициализация базы данных...
2025-04-15 10:45:14,270 - api - INFO - Запуск приложения успешно завершен
2025-04-15 16:46:55,394 - api - INFO - Инициализация базы данных...
2025-04-15 16:46:57,157 - api - INFO - Запуск приложения успешно завершен
2025-04-15 17:21:37,917 - api - INFO - Инициализация базы данных...
2025-04-15 17:21:40,880 - api - INFO - Запуск приложения успешно завершен
2025-04-15 17:21:44,754 - api - INFO - Инициализация базы данных...
2025-04-15 17:21:46,682 - api - INFO - Запуск приложения успешно завершен
2025-04-15 17:21:55,515 - api - INFO - Инициализация базы данных...
2025-04-15 17:21:57,622 - api - INFO - Запуск приложения успешно завершен
2025-04-15 17:21:59,094 - api - INFO - Инициализация базы данных...
2025-04-15 17:22:00,776 - api - INFO - Запуск приложения успешно завершен
2025-04-15 17:22:27,231 - api - INFO - Инициализация базы данных...
2025-04-15 17:22:28,485 - api - INFO - Запуск приложения успешно завершен
2025-04-15 17:22:29,254 - api - INFO - Инициализация базы данных...
2025-04-15 17:22:30,395 - api - INFO - Запуск приложения успешно завершен
2025-04-15 17:22:45,941 - api - INFO - Инициализация базы данных...
2025-04-15 17:22:47,288 - api - INFO - Запуск приложения успешно завершен
2025-04-15 17:22:48,243 - api - INFO - Инициализация базы данных...
2025-04-15 17:22:49,738 - api - INFO - Запуск приложения успешно завершен
2025-04-15 17:23:17,004 - api - INFO - Инициализация базы данных...
2025-04-15 17:23:18,279 - api - INFO - Запуск приложения успешно завершен
2025-04-15 17:28:53,371 - api - INFO - Инициализация базы данных...
2025-04-15 17:28:54,592 - api - INFO - Запуск приложения успешно завершен
2025-04-15 17:28:57,977 - api - INFO - Инициализация базы данных...
2025-04-15 17:28:59,247 - api - INFO - Запуск приложения успешно завершен
2025-04-15 17:29:04,148 - api - INFO - Инициализация базы данных...
2025-04-15 17:29:05,371 - api - INFO - Запуск приложения успешно завершен
2025-04-15 17:35:53,867 - api - INFO - Инициализация базы данных...
2025-04-15 17:35:55,150 - api - INFO - Запуск приложения успешно завершен
2025-04-15 17:36:00,471 - api - INFO - Инициализация базы данных...
2025-04-15 17:36:01,978 - api - INFO - Запуск приложения успешно завершен
2025-04-15 17:36:32,783 - api - INFO - Инициализация базы данных...
2025-04-15 17:36:34,255 - api - INFO - Запуск приложения успешно завершен
2025-04-15 17:36:37,276 - api - INFO - Инициализация базы данных...
2025-04-15 17:36:38,394 - api - INFO - Запуск приложения успешно завершен
2025-04-15 17:39:17,360 - api - INFO - Инициализация базы данных...
2025-04-15 17:39:18,486 - api - INFO - Запуск приложения успешно завершен
2025-04-15 17:39:56,793 - api - INFO - Инициализация базы данных...
2025-04-15 17:39:58,246 - api - INFO - Запуск приложения успешно завершен
2025-04-15 17:40:14,147 - api - INFO - Инициализация базы данных...
2025-04-15 17:40:15,337 - api - INFO - Запуск приложения успешно завершен
2025-04-15 17:40:16,018 - api - INFO - Инициализация базы данных...
2025-04-15 17:40:17,227 - api - INFO - Запуск приложения успешно завершен
2025-04-15 18:02:36,275 - api - INFO - Инициализация базы данных...
2025-04-15 18:02:38,009 - api - INFO - Запуск приложения успешно завершен
2025-04-15 18:02:55,757 - api - INFO - Инициализация базы данных...
2025-04-15 18:02:57,312 - api - INFO - Запуск приложения успешно завершен
2025-04-15 18:03:03,480 - api - INFO - Инициализация базы данных...
2025-04-15 18:03:05,678 - api - INFO - Запуск приложения успешно завершен
2025-04-15 18:03:33,782 - api - INFO - Инициализация базы данных...
2025-04-15 18:03:35,629 - api - INFO - Запуск приложения успешно завершен
2025-04-15 18:03:44,346 - api - INFO - Инициализация базы данных...
2025-04-15 18:03:46,011 - api - INFO - Запуск приложения успешно завершен
2025-04-15 18:03:46,779 - api - INFO - Инициализация базы данных...
2025-04-15 18:03:48,353 - api - INFO - Запуск приложения успешно завершен
2025-04-15 18:08:41,253 - api - INFO - Инициализация базы данных...
2025-04-15 18:08:42,935 - api - INFO - Запуск приложения успешно завершен
2025-04-15 18:11:30,791 - api - INFO - Инициализация базы данных...
2025-04-15 18:11:33,526 - api - INFO - Запуск приложения успешно завершен
2025-04-15 18:12:05,661 - api - INFO - Инициализация базы данных...
2025-04-15 18:12:07,392 - api - INFO - Запуск приложения успешно завершен
2025-04-15 18:12:24,198 - api - INFO - Инициализация базы данных...
2025-04-15 18:12:26,056 - api - INFO - Запуск приложения успешно завершен
2025-04-15 18:13:00,859 - api - INFO - Инициализация базы данных...
2025-04-15 18:13:03,523 - api - INFO - Запуск приложения успешно завершен
2025-04-15 18:27:07,847 - api - INFO - Инициализация базы данных...
2025-04-15 18:27:09,660 - api - INFO - Запуск приложения успешно завершен
2025-04-15 18:29:49,549 - api - INFO - Инициализация базы данных...
2025-04-15 18:29:51,448 - api - INFO - Запуск приложения успешно завершен
2025-04-15 18:29:52,283 - api - INFO - Инициализация базы данных...
2025-04-15 18:29:54,228 - api - INFO - Запуск приложения успешно завершен
2025-04-15 18:29:58,596 - api - INFO - Инициализация базы данных...
2025-04-15 18:30:01,681 - api - INFO - Запуск приложения успешно завершен
2025-04-15 18:30:03,272 - api - INFO - Инициализация базы данных...
2025-04-15 18:30:04,809 - api - INFO - Запуск приложения успешно завершен
2025-04-15 18:30:16,579 - api - INFO - Инициализация базы данных...
2025-04-15 18:30:18,864 - api - INFO - Запуск приложения успешно завершен
2025-04-15 18:30:21,320 - api - INFO - Инициализация базы данных...
2025-04-15 18:30:23,397 - api - INFO - Запуск приложения успешно завершен
2025-04-15 18:30:24,448 - api - INFO - Инициализация базы данных...
2025-04-15 18:30:26,178 - api - INFO - Запуск приложения успешно завершен
2025-04-15 18:30:44,957 - api - INFO - Инициализация базы данных...
2025-04-15 18:30:46,603 - api - INFO - Запуск приложения успешно завершен
2025-04-15 18:31:21,479 - api - INFO - Инициализация базы данных...
2025-04-15 18:31:23,687 - api - INFO - Запуск приложения успешно завершен
2025-04-15 18:31:26,903 - api - INFO - Инициализация базы данных...
2025-04-15 18:31:28,688 - api - INFO - Запуск приложения успешно завершен
2025-04-15 18:31:49,599 - api - INFO - Инициализация базы данных...
2025-04-15 18:31:51,477 - api - INFO - Запуск приложения успешно завершен
2025-04-15 18:41:07,014 - api - INFO - Инициализация базы данных...
2025-04-15 18:41:08,925 - api - INFO - Запуск приложения успешно завершен
2025-04-15 18:41:09,788 - api - INFO - Инициализация базы данных...
2025-04-15 18:41:11,409 - api - INFO - Запуск приложения успешно завершен
2025-04-15 18:41:29,845 - api - INFO - Инициализация базы данных...
2025-04-15 18:41:32,104 - api - INFO - Запуск приложения успешно завершен
2025-04-15 18:41:34,959 - api - INFO - Инициализация базы данных...
2025-04-15 18:41:36,589 - api - INFO - Запуск приложения успешно завершен
2025-04-15 18:41:40,846 - api - INFO - Инициализация базы данных...
2025-04-15 18:41:43,140 - api - INFO - Запуск приложения успешно завершен
2025-04-15 18:41:44,053 - api - INFO - Инициализация базы данных...
2025-04-15 18:41:45,635 - api - INFO - Запуск приложения успешно завершен
2025-04-15 18:41:56,800 - api - INFO - Инициализация базы данных...
2025-04-15 18:41:58,873 - api - INFO - Запуск приложения успешно завершен
2025-04-15 18:42:02,837 - api - INFO - Инициализация базы данных...
2025-04-15 18:42:04,287 - api - INFO - Запуск приложения успешно завершен
2025-04-15 18:42:07,007 - api - INFO - Инициализация базы данных...
2025-04-15 18:42:08,484 - api - INFO - Запуск приложения успешно завершен
2025-04-15 18:42:21,867 - api - INFO - Инициализация базы данных...
2025-04-15 18:42:23,841 - api - INFO - Запуск приложения успешно завершен
2025-04-15 18:42:25,613 - api - INFO - Инициализация базы данных...
2025-04-15 18:42:28,076 - api - INFO - Запуск приложения успешно завершен
2025-04-15 18:42:29,491 - api - INFO - Инициализация базы данных...
2025-04-15 18:42:31,192 - api - INFO - Запуск приложения успешно завершен
2025-04-15 18:42:32,099 - api - INFO - Инициализация базы данных...
2025-04-15 18:42:34,275 - api - INFO - Запуск приложения успешно завершен
2025-04-15 18:42:35,360 - api - INFO - Инициализация базы данных...
2025-04-15 18:42:36,865 - api - INFO - Запуск приложения успешно завершен
2025-04-15 18:42:43,979 - api - INFO - Инициализация базы данных...
2025-04-15 18:42:45,895 - api - INFO - Запуск приложения успешно завершен
2025-04-15 18:42:48,338 - api - INFO - Инициализация базы данных...
2025-04-15 18:42:50,611 - api - INFO - Запуск приложения успешно завершен
2025-04-15 18:42:51,654 - api - INFO - Инициализация базы данных...
2025-04-15 18:42:53,163 - api - INFO - Запуск приложения успешно завершен
2025-04-15 18:42:54,020 - api - INFO - Инициализация базы данных...
2025-04-15 18:42:55,943 - api - INFO - Запуск приложения успешно завершен
2025-04-15 18:43:36,082 - api - INFO - Инициализация базы данных...
2025-04-15 18:43:38,738 - api - INFO - Запуск приложения успешно завершен
2025-04-15 18:43:49,588 - api - INFO - Инициализация базы данных...
2025-04-15 18:43:52,280 - api - INFO - Запуск приложения успешно завершен
2025-04-15 18:45:24,188 - api - INFO - Инициализация базы данных...
2025-04-15 18:45:26,826 - api - INFO - Запуск приложения успешно завершен
2025-04-15 18:45:28,779 - api - INFO - Инициализация базы данных...
2025-04-15 18:45:30,819 - api - INFO - Запуск приложения успешно завершен
2025-04-15 18:48:17,920 - api - INFO - Инициализация базы данных...
2025-04-15 18:48:20,717 - api - INFO - Запуск приложения успешно завершен
2025-04-15 18:48:22,117 - api - INFO - Инициализация базы данных...
2025-04-15 18:48:23,926 - api - INFO - Запуск приложения успешно завершен
2025-04-15 18:48:24,861 - api - INFO - Инициализация базы данных...
2025-04-15 18:48:26,847 - api - INFO - Запуск приложения успешно завершен
2025-04-15 18:49:46,354 - api - INFO - Инициализация базы данных...
2025-04-15 18:49:47,998 - api - INFO - Запуск приложения успешно завершен
2025-04-15 18:50:05,284 - api - INFO - Инициализация базы данных...
2025-04-15 18:50:06,995 - api - INFO - Запуск приложения успешно завершен
2025-04-15 18:50:20,113 - api - INFO - Инициализация базы данных...
2025-04-15 18:50:21,868 - api - INFO - Запуск приложения успешно завершен
2025-04-15 18:51:22,226 - api - INFO - Инициализация базы данных...
2025-04-15 18:51:24,378 - api - INFO - Запуск приложения успешно завершен
2025-04-15 18:51:26,798 - api - INFO - Инициализация базы данных...
2025-04-15 18:51:28,548 - api - INFO - Запуск приложения успешно завершен
2025-04-15 18:53:00,105 - api - INFO - Инициализация базы данных...
2025-04-15 18:53:02,605 - api - INFO - Запуск приложения успешно завершен
2025-04-15 18:53:50,280 - api - INFO - Инициализация базы данных...
2025-04-15 18:53:52,471 - api - INFO - Запуск приложения успешно завершен
2025-04-15 18:53:54,854 - api - INFO - Инициализация базы данных...
2025-04-15 18:53:56,679 - api - INFO - Запуск приложения успешно завершен
2025-04-15 18:53:57,559 - api - INFO - Инициализация базы данных...
2025-04-15 18:53:59,174 - api - INFO - Запуск приложения успешно завершен
2025-04-15 18:57:30,114 - api - INFO - Инициализация базы данных...
2025-04-15 18:57:32,123 - api - INFO - Запуск приложения успешно завершен
2025-04-15 18:57:33,887 - api - INFO - Инициализация базы данных...
2025-04-15 18:57:35,991 - api - INFO - Запуск приложения успешно завершен
2025-04-15 18:58:00,214 - api - INFO - Инициализация базы данных...
2025-04-15 18:58:02,751 - api - INFO - Запуск приложения успешно завершен
2025-04-15 18:58:25,203 - api - INFO - Инициализация базы данных...
2025-04-15 18:58:27,739 - api - INFO - Запуск приложения успешно завершен
2025-04-15 18:58:28,624 - api - INFO - Инициализация базы данных...
2025-04-15 18:58:30,174 - api - INFO - Запуск приложения успешно завершен
2025-04-15 18:58:40,739 - api - INFO - Инициализация базы данных...
2025-04-15 18:58:42,817 - api - INFO - Запуск приложения успешно завершен
2025-04-15 18:58:43,742 - api - INFO - Инициализация базы данных...
2025-04-15 18:58:45,334 - api - INFO - Запуск приложения успешно завершен
2025-04-15 18:58:51,525 - api - INFO - Инициализация базы данных...
2025-04-15 18:58:53,338 - api - INFO - Запуск приложения успешно завершен
2025-04-15 18:58:54,207 - api - INFO - Инициализация базы данных...
2025-04-15 18:58:56,132 - api - INFO - Запуск приложения успешно завершен
2025-04-15 18:59:04,248 - api - INFO - Инициализация базы данных...
2025-04-15 18:59:05,818 - api - INFO - Запуск приложения успешно завершен
2025-04-15 19:00:19,127 - api - INFO - Инициализация базы данных...
2025-04-15 19:00:21,755 - api - INFO - Запуск приложения успешно завершен
2025-04-15 19:00:41,266 - api - INFO - Инициализация базы данных...
2025-04-15 19:00:43,891 - api - INFO - Запуск приложения успешно завершен
2025-04-15 19:01:42,502 - api - INFO - Инициализация базы данных...
2025-04-15 19:01:44,495 - api - INFO - Запуск приложения успешно завершен
2025-04-15 19:04:00,183 - api - INFO - Инициализация базы данных...
2025-04-15 19:04:02,793 - api - INFO - Запуск приложения успешно завершен
2025-04-15 19:04:30,153 - api - INFO - Инициализация базы данных...
2025-04-15 19:04:32,734 - api - INFO - Запуск приложения успешно завершен
2025-04-15 19:04:42,725 - api - INFO - Инициализация базы данных...
2025-04-15 19:04:45,277 - api - INFO - Запуск приложения успешно завершен
2025-04-15 19:04:46,225 - api - INFO - Инициализация базы данных...
2025-04-15 19:04:47,922 - api - INFO - Запуск приложения успешно завершен
2025-04-15 19:04:49,316 - api - INFO - Инициализация базы данных...
2025-04-15 19:04:51,472 - api - INFO - Запуск приложения успешно завершен
2025-04-15 19:04:53,364 - api - INFO - Инициализация базы данных...
2025-04-15 19:04:55,702 - api - INFO - Запуск приложения успешно завершен
2025-04-15 19:06:09,953 - api - INFO - Инициализация базы данных...
2025-04-15 19:06:11,653 - api - INFO - Запуск приложения успешно завершен
2025-04-15 19:12:45,977 - api - INFO - Инициализация базы данных...
2025-04-15 19:12:48,183 - api - INFO - Запуск приложения успешно завершен
2025-04-15 19:12:52,597 - api - INFO - Инициализация базы данных...
2025-04-15 19:12:54,579 - api - INFO - Запуск приложения успешно завершен
2025-04-15 19:13:17,171 - api - INFO - Инициализация базы данных...
2025-04-15 19:13:19,440 - api - INFO - Запуск приложения успешно завершен
2025-04-15 19:13:49,339 - api - INFO - Инициализация базы данных...
2025-04-15 19:13:51,088 - api - INFO - Запуск приложения успешно завершен
2025-04-15 19:15:12,712 - api - INFO - Инициализация базы данных...
2025-04-15 19:15:16,711 - api - INFO - Запуск приложения успешно завершен
2025-04-15 19:15:18,391 - api - INFO - Инициализация базы данных...
2025-04-15 19:15:21,367 - api - INFO - Запуск приложения успешно завершен
2025-04-15 19:15:32,997 - api - INFO - Инициализация базы данных...
2025-04-15 19:15:35,732 - api - INFO - Запуск приложения успешно завершен
2025-04-15 19:15:46,222 - api - INFO - Инициализация базы данных...
2025-04-15 19:15:49,479 - api - INFO - Запуск приложения успешно завершен
2025-04-15 19:15:57,106 - api - INFO - Инициализация базы данных...
2025-04-15 19:15:58,857 - api - INFO - Запуск приложения успешно завершен
2025-04-15 19:16:22,801 - api - INFO - Инициализация базы данных...
2025-04-15 19:16:25,603 - api - INFO - Запуск приложения успешно завершен
2025-04-15 19:16:41,396 - api - INFO - Инициализация базы данных...
2025-04-15 19:16:45,173 - api - INFO - Запуск приложения успешно завершен
2025-04-15 19:16:47,547 - api - INFO - Инициализация базы данных...
2025-04-15 19:16:49,188 - api - INFO - Запуск приложения успешно завершен
2025-04-15 19:16:53,286 - api - INFO - Инициализация базы данных...
2025-04-15 19:16:56,367 - api - INFO - Запуск приложения успешно завершен
2025-04-15 19:16:57,555 - api - INFO - Инициализация базы данных...
2025-04-15 19:17:00,371 - api - INFO - Запуск приложения успешно завершен
2025-04-15 19:17:03,066 - api - INFO - Инициализация базы данных...
2025-04-15 19:17:04,617 - api - INFO - Запуск приложения успешно завершен
2025-04-15 19:17:08,592 - api - INFO - Инициализация базы данных...
2025-04-15 19:17:11,141 - api - INFO - Запуск приложения успешно завершен
2025-04-15 19:17:59,383 - api - INFO - Инициализация базы данных...
2025-04-15 19:18:01,153 - api - INFO - Запуск приложения успешно завершен
2025-04-15 19:18:14,799 - api - INFO - Инициализация базы данных...
2025-04-15 19:18:17,510 - api - INFO - Запуск приложения успешно завершен
2025-04-15 19:18:31,264 - api - INFO - Инициализация базы данных...
2025-04-15 19:18:33,584 - api - INFO - Запуск приложения успешно завершен
2025-04-15 19:18:35,116 - api - INFO - Инициализация базы данных...
2025-04-15 19:18:37,212 - api - INFO - Запуск приложения успешно завершен
2025-04-15 19:18:57,692 - api - INFO - Инициализация базы данных...
2025-04-15 19:19:00,546 - api - INFO - Запуск приложения успешно завершен
2025-04-15 19:19:09,795 - api - INFO - Инициализация базы данных...
2025-04-15 19:19:12,075 - api - INFO - Запуск приложения успешно завершен
2025-04-15 19:19:19,957 - api - INFO - Инициализация базы данных...
2025-04-15 19:19:22,657 - api - INFO - Запуск приложения успешно завершен
2025-04-15 19:19:42,192 - api - INFO - Инициализация базы данных...
2025-04-15 19:19:44,267 - api - INFO - Запуск приложения успешно завершен
2025-04-15 19:19:50,679 - api - INFO - Инициализация базы данных...
2025-04-15 19:19:52,542 - api - INFO - Запуск приложения успешно завершен
2025-04-15 19:19:54,978 - api - INFO - Инициализация базы данных...
2025-04-15 19:19:56,565 - api - INFO - Запуск приложения успешно завершен
2025-04-15 19:21:06,470 - api - INFO - Инициализация базы данных...
2025-04-15 19:21:08,343 - api - INFO - Запуск приложения успешно завершен
2025-04-15 19:21:17,653 - api - INFO - Инициализация базы данных...
2025-04-15 19:21:20,640 - api - INFO - Запуск приложения успешно завершен
2025-04-15 19:21:50,088 - api - INFO - Инициализация базы данных...
2025-04-15 19:21:52,687 - api - INFO - Запуск приложения успешно завершен
2025-04-15 19:23:18,278 - api - INFO - Инициализация базы данных...
2025-04-15 19:23:19,863 - api - INFO - Запуск приложения успешно завершен
2025-04-15 19:23:59,486 - api - INFO - Инициализация базы данных...
2025-04-15 19:24:01,416 - api - INFO - Запуск приложения успешно завершен
2025-04-15 19:24:39,693 - api - INFO - Инициализация базы данных...
2025-04-15 19:24:41,689 - api - INFO - Запуск приложения успешно завершен
2025-04-15 19:24:46,562 - api - INFO - Инициализация базы данных...
2025-04-15 19:24:48,106 - api - INFO - Запуск приложения успешно завершен
2025-04-15 19:25:27,246 - api - INFO - Инициализация базы данных...
2025-04-15 19:25:28,773 - api - INFO - Запуск приложения успешно завершен
2025-04-15 19:25:32,157 - api - INFO - Инициализация базы данных...
2025-04-15 19:25:33,971 - api - INFO - Запуск приложения успешно завершен
2025-04-15 19:25:35,965 - api - INFO - Инициализация базы данных...
2025-04-15 19:25:38,215 - api - INFO - Запуск приложения успешно завершен
2025-04-15 19:25:39,498 - api - INFO - Инициализация базы данных...
2025-04-15 19:25:41,058 - api - INFO - Запуск приложения успешно завершен
2025-04-15 19:26:22,142 - api - INFO - Инициализация базы данных...
2025-04-15 19:26:26,072 - api - INFO - Запуск приложения успешно завершен
2025-04-15 19:26:30,230 - api - INFO - Инициализация базы данных...
2025-04-15 19:26:31,815 - api - INFO - Запуск приложения успешно завершен
2025-04-15 19:27:21,093 - api - INFO - Инициализация базы данных...
2025-04-15 19:27:22,581 - api - INFO - Запуск приложения успешно завершен
2025-04-15 19:27:31,973 - api - INFO - Инициализация базы данных...
2025-04-15 19:27:33,479 - api - INFO - Запуск приложения успешно завершен
2025-04-15 19:27:50,188 - api - INFO - Инициализация базы данных...
2025-04-15 19:27:51,711 - api - INFO - Запуск приложения успешно завершен
2025-04-15 19:28:03,735 - api - INFO - Инициализация базы данных...
2025-04-15 19:28:06,069 - api - INFO - Запуск приложения успешно завершен
2025-04-15 19:28:19,615 - api - INFO - Инициализация базы данных...
2025-04-15 19:28:23,724 - api - INFO - Запуск приложения успешно завершен
2025-04-15 19:28:27,656 - api - INFO - Инициализация базы данных...
2025-04-15 19:28:29,461 - api - INFO - Запуск приложения успешно завершен
2025-04-15 19:28:35,888 - api - INFO - Инициализация базы данных...
2025-04-15 19:28:37,425 - api - INFO - Запуск приложения успешно завершен
2025-04-15 19:28:47,440 - api - INFO - Инициализация базы данных...
2025-04-15 19:28:49,472 - api - INFO - Запуск приложения успешно завершен
2025-04-15 19:29:48,824 - api - INFO - Инициализация базы данных...
2025-04-15 19:29:50,652 - api - INFO - Запуск приложения успешно завершен
2025-04-15 19:30:02,400 - api - INFO - Инициализация базы данных...
2025-04-15 19:30:04,701 - api - INFO - Запуск приложения успешно завершен
2025-04-15 19:30:06,953 - api - INFO - Инициализация базы данных...
2025-04-15 19:30:09,165 - api - INFO - Запуск приложения успешно завершен
2025-04-15 19:30:19,728 - api - INFO - Инициализация базы данных...
2025-04-15 19:30:21,361 - api - INFO - Запуск приложения успешно завершен
2025-04-15 19:30:38,857 - api - INFO - Инициализация базы данных...
2025-04-15 19:30:41,992 - api - INFO - Запуск приложения успешно завершен
2025-04-15 19:30:43,036 - api - INFO - Инициализация базы данных...
2025-04-15 19:30:44,441 - api - INFO - Запуск приложения успешно завершен
2025-04-15 19:31:11,499 - api - INFO - Инициализация базы данных...
2025-04-15 19:31:14,118 - api - INFO - Запуск приложения успешно завершен
2025-04-15 19:31:15,823 - api - INFO - Инициализация базы данных...
2025-04-15 19:31:18,694 - api - INFO - Запуск приложения успешно завершен
2025-04-15 19:31:20,419 - api - INFO - Инициализация базы данных...
2025-04-15 19:31:24,162 - api - INFO - Запуск приложения успешно завершен
2025-04-15 19:31:25,508 - api - INFO - Инициализация базы данных...
2025-04-15 19:31:28,223 - api - INFO - Запуск приложения успешно завершен
2025-04-15 19:31:42,115 - api - INFO - Инициализация базы данных...
2025-04-15 19:31:44,216 - api - INFO - Запуск приложения успешно завершен
2025-04-15 19:31:45,602 - api - INFO - Инициализация базы данных...
2025-04-15 19:31:47,526 - api - INFO - Запуск приложения успешно завершен
2025-04-15 19:31:50,013 - api - INFO - Инициализация базы данных...
2025-04-15 19:31:52,910 - api - INFO - Запуск приложения успешно завершен
2025-04-15 19:31:54,153 - api - INFO - Инициализация базы данных...
2025-04-15 19:31:55,825 - api - INFO - Запуск приложения успешно завершен
2025-04-15 19:32:17,787 - api - INFO - Инициализация базы данных...
2025-04-15 19:32:19,713 - api - INFO - Запуск приложения успешно завершен
2025-04-15 19:32:23,926 - api - INFO - Инициализация базы данных...
2025-04-15 19:32:25,944 - api - INFO - Запуск приложения успешно завершен
2025-04-15 19:32:27,171 - api - INFO - Инициализация базы данных...
2025-04-15 19:32:29,038 - api - INFO - Запуск приложения успешно завершен
2025-04-15 19:32:32,689 - api - INFO - Инициализация базы данных...
2025-04-15 19:32:34,344 - api - INFO - Запуск приложения успешно завершен
2025-04-15 19:32:38,362 - api - INFO - Инициализация базы данных...
2025-04-15 19:32:40,719 - api - INFO - Запуск приложения успешно завершен
2025-04-15 19:32:42,283 - api - INFO - Инициализация базы данных...
2025-04-15 19:32:44,515 - api - INFO - Запуск приложения успешно завершен
2025-04-15 19:32:50,441 - api - INFO - Инициализация базы данных...
2025-04-15 19:32:53,357 - api - INFO - Запуск приложения успешно завершен
2025-04-15 19:32:56,031 - api - INFO - Инициализация базы данных...
2025-04-15 19:32:59,336 - api - INFO - Запуск приложения успешно завершен
2025-04-15 19:33:00,430 - api - INFO - Инициализация базы данных...
2025-04-15 19:33:03,045 - api - INFO - Запуск приложения успешно завершен
2025-04-15 19:33:26,341 - api - INFO - Инициализация базы данных...
2025-04-15 19:33:28,398 - api - INFO - Запуск приложения успешно завершен
2025-04-15 19:33:47,169 - api - INFO - Инициализация базы данных...
2025-04-15 19:33:49,553 - api - INFO - Запуск приложения успешно завершен
2025-04-15 19:34:15,076 - api - INFO - Инициализация базы данных...
2025-04-15 19:34:17,596 - api - INFO - Запуск приложения успешно завершен
2025-04-15 19:34:23,661 - api - INFO - Инициализация базы данных...
2025-04-15 19:34:26,692 - api - INFO - Запуск приложения успешно завершен
2025-04-15 19:34:33,208 - api - INFO - Инициализация базы данных...
2025-04-15 19:34:35,290 - api - INFO - Запуск приложения успешно завершен
2025-04-15 19:34:37,249 - api - INFO - Инициализация базы данных...
2025-04-15 19:34:39,455 - api - INFO - Запуск приложения успешно завершен
2025-04-15 19:34:52,007 - api - INFO - Инициализация базы данных...
2025-04-15 19:34:54,960 - api - INFO - Запуск приложения успешно завершен
2025-04-15 19:34:56,687 - api - INFO - Инициализация базы данных...
2025-04-15 19:34:58,885 - api - INFO - Запуск приложения успешно завершен
2025-04-15 19:35:14,773 - api - INFO - Инициализация базы данных...
2025-04-15 19:35:17,214 - api - INFO - Запуск приложения успешно завершен
2025-04-15 19:35:18,165 - api - INFO - Инициализация базы данных...
2025-04-15 19:35:19,641 - api - INFO - Запуск приложения успешно завершен
2025-04-15 19:35:28,824 - api - INFO - Инициализация базы данных...
2025-04-15 19:35:30,856 - api - INFO - Запуск приложения успешно завершен
2025-04-16 03:46:23,304 - api - INFO - Инициализация базы данных...
2025-04-16 03:46:24,619 - api - INFO - Запуск приложения успешно завершен
2025-04-16 03:48:40,213 - api - INFO - Инициализация базы данных...
2025-04-16 03:48:41,760 - api - INFO - Запуск приложения успешно завершен
2025-04-16 03:55:16,937 - api - INFO - Инициализация базы данных...
2025-04-16 03:55:18,260 - api - INFO - Запуск приложения успешно завершен
2025-04-16 03:55:57,568 - api - INFO - Инициализация базы данных...
2025-04-16 03:55:59,224 - api - INFO - Запуск приложения успешно завершен
2025-04-16 03:59:25,626 - api - INFO - Инициализация базы данных...
2025-04-16 03:59:27,266 - api - INFO - Запуск приложения успешно завершен
2025-04-16 04:00:32,714 - api - INFO - Инициализация базы данных...
2025-04-16 04:00:34,340 - api - INFO - Запуск приложения успешно завершен
2025-04-16 04:08:39,343 - api - INFO - Инициализация базы данных...
2025-04-16 04:08:40,605 - api - INFO - Запуск приложения успешно завершен
2025-04-16 04:12:38,186 - api - INFO - Инициализация базы данных...
2025-04-16 04:12:40,112 - api - INFO - Запуск приложения успешно завершен
2025-04-16 04:12:41,052 - api - INFO - Инициализация базы данных...
2025-04-16 04:12:42,291 - api - INFO - Запуск приложения успешно завершен
2025-04-16 04:12:49,693 - api - INFO - Инициализация базы данных...
2025-04-16 04:12:51,532 - api - INFO - Запуск приложения успешно завершен
2025-04-16 04:12:52,893 - api - INFO - Инициализация базы данных...
2025-04-16 04:12:54,216 - api - INFO - Запуск приложения успешно завершен
2025-04-16 04:14:24,381 - api - INFO - Инициализация базы данных...
2025-04-16 04:14:26,146 - api - INFO - Запуск приложения успешно завершен
2025-04-16 04:14:26,875 - api - INFO - Инициализация базы данных...
2025-04-16 04:14:28,892 - api - INFO - Запуск приложения успешно завершен
2025-04-16 04:14:29,916 - api - INFO - Инициализация базы данных...
2025-04-16 04:14:31,532 - api - INFO - Запуск приложения успешно завершен
2025-04-16 04:14:32,905 - api - INFO - Инициализация базы данных...
2025-04-16 04:14:34,206 - api - INFO - Запуск приложения успешно завершен
2025-04-16 04:14:53,715 - api - INFO - Инициализация базы данных...
2025-04-16 04:14:55,159 - api - INFO - Запуск приложения успешно завершен
2025-04-16 04:14:55,741 - api - INFO - Инициализация базы данных...
2025-04-16 04:14:57,443 - api - INFO - Запуск приложения успешно завершен
2025-04-16 04:23:19,612 - api - INFO - Инициализация базы данных...
2025-04-16 04:23:20,982 - api - INFO - Запуск приложения успешно завершен
2025-04-16 04:23:34,924 - api - INFO - Инициализация базы данных...
2025-04-16 04:23:36,705 - api - INFO - Запуск приложения успешно завершен
2025-04-16 04:23:37,496 - api - INFO - Инициализация базы данных...
2025-04-16 04:23:38,753 - api - INFO - Запуск приложения успешно завершен
2025-04-16 04:24:37,923 - api - INFO - Инициализация базы данных...
2025-04-16 04:24:39,340 - api - INFO - Запуск приложения успешно завершен
2025-04-16 04:24:56,436 - api - INFO - Инициализация базы данных...
2025-04-16 04:24:57,729 - api - INFO - Запуск приложения успешно завершен
2025-04-16 04:24:58,600 - api - INFO - Инициализация базы данных...
2025-04-16 04:25:00,335 - api - INFO - Запуск приложения успешно завершен
2025-04-16 04:26:10,770 - api - INFO - Инициализация базы данных...
2025-04-16 04:26:12,542 - api - INFO - Запуск приложения успешно завершен
2025-04-16 04:26:13,605 - api - INFO - Инициализация базы данных...
2025-04-16 04:26:14,879 - api - INFO - Запуск приложения успешно завершен
2025-04-16 04:26:25,890 - api - INFO - Инициализация базы данных...
2025-04-16 04:26:27,180 - api - INFO - Запуск приложения успешно завершен
2025-04-16 04:27:57,776 - api - INFO - Инициализация базы данных...
2025-04-16 04:27:59,193 - api - INFO - Запуск приложения успешно завершен
2025-04-16 04:27:59,852 - api - INFO - Инициализация базы данных...
2025-04-16 04:28:01,518 - api - INFO - Запуск приложения успешно завершен
2025-04-16 04:28:08,449 - api - INFO - Инициализация базы данных...
2025-04-16 04:28:10,182 - api - INFO - Запуск приложения успешно завершен
2025-04-16 04:28:13,626 - api - INFO - Инициализация базы данных...
2025-04-16 04:28:14,972 - api - INFO - Запуск приложения успешно завершен
2025-04-16 04:28:39,437 - api - INFO - Инициализация базы данных...
2025-04-16 04:28:40,804 - api - INFO - Запуск приложения успешно завершен
2025-04-16 04:29:10,619 - api - INFO - Инициализация базы данных...
2025-04-16 04:29:12,015 - api - INFO - Запуск приложения успешно завершен
2025-04-16 04:29:14,365 - api - INFO - Инициализация базы данных...
2025-04-16 04:29:15,869 - api - INFO - Запуск приложения успешно завершен
2025-04-16 04:29:19,625 - api - INFO - Инициализация базы данных...
2025-04-16 04:29:21,144 - api - INFO - Запуск приложения успешно завершен
2025-04-16 04:29:31,322 - api - INFO - Инициализация базы данных...
2025-04-16 04:29:32,632 - api - INFO - Запуск приложения успешно завершен
2025-04-16 04:29:36,212 - api - INFO - Инициализация базы данных...
2025-04-16 04:29:37,589 - api - INFO - Запуск приложения успешно завершен
2025-04-16 04:29:40,697 - api - INFO - Инициализация базы данных...
2025-04-16 04:29:42,158 - api - INFO - Запуск приложения успешно завершен
2025-04-16 04:29:48,135 - api - INFO - Инициализация базы данных...
2025-04-16 04:29:49,509 - api - INFO - Запуск приложения успешно завершен
2025-04-16 04:29:50,622 - api - INFO - Инициализация базы данных...
2025-04-16 04:29:52,321 - api - INFO - Запуск приложения успешно завершен
2025-04-16 04:29:53,310 - api - INFO - Инициализация базы данных...
2025-04-16 04:29:54,967 - api - INFO - Запуск приложения успешно завершен
2025-04-16 04:29:55,817 - api - INFO - Инициализация базы данных...
2025-04-16 04:29:57,186 - api - INFO - Запуск приложения успешно завершен
2025-04-16 04:30:14,157 - api - INFO - Инициализация базы данных...
2025-04-16 04:30:15,570 - api - INFO - Запуск приложения успешно завершен
2025-04-16 04:30:16,727 - api - INFO - Инициализация базы данных...
2025-04-16 04:30:18,595 - api - INFO - Запуск приложения успешно завершен
2025-04-16 04:30:19,553 - api - INFO - Инициализация базы данных...
2025-04-16 04:30:20,948 - api - INFO - Запуск приложения успешно завершен
2025-04-16 04:30:22,365 - api - INFO - Инициализация базы данных...
2025-04-16 04:30:23,780 - api - INFO - Запуск приложения успешно завершен
2025-04-16 04:30:25,621 - api - INFO - Инициализация базы данных...
2025-04-16 04:30:27,572 - api - INFO - Запуск приложения успешно завершен
2025-04-16 04:30:30,828 - api - INFO - Инициализация базы данных...
2025-04-16 04:30:32,103 - api - INFO - Запуск приложения успешно завершен
2025-04-16 04:30:53,367 - api - INFO - Инициализация базы данных...
2025-04-16 04:30:55,414 - api - INFO - Запуск приложения успешно завершен
2025-04-16 04:30:57,130 - api - INFO - Инициализация базы данных...
2025-04-16 04:30:58,961 - api - INFO - Запуск приложения успешно завершен
2025-04-16 04:31:00,046 - api - INFO - Инициализация базы данных...
2025-04-16 04:31:01,432 - api - INFO - Запуск приложения успешно завершен
2025-04-16 04:31:07,912 - api - INFO - Инициализация базы данных...
2025-04-16 04:31:09,689 - api - INFO - Запуск приложения успешно завершен
2025-04-16 04:31:14,041 - api - INFO - Инициализация базы данных...
2025-04-16 04:31:15,361 - api - INFO - Запуск приложения успешно завершен
2025-04-16 04:31:24,458 - api - INFO - Инициализация базы данных...
2025-04-16 04:31:26,101 - api - INFO - Запуск приложения успешно завершен
2025-04-16 04:31:31,781 - api - INFO - Инициализация базы данных...
2025-04-16 04:31:33,085 - api - INFO - Запуск приложения успешно завершен
2025-04-16 04:32:45,764 - api - INFO - Инициализация базы данных...
2025-04-16 04:32:47,353 - api - INFO - Запуск приложения успешно завершен
2025-04-16 04:32:51,487 - api - INFO - Инициализация базы данных...
2025-04-16 04:32:52,762 - api - INFO - Запуск приложения успешно завершен
2025-04-16 04:33:00,885 - api - INFO - Инициализация базы данных...
2025-04-16 04:33:02,195 - api - INFO - Запуск приложения успешно завершен
2025-04-16 05:02:06,122 - api - INFO - Инициализация базы данных...
2025-04-16 05:02:07,485 - api - INFO - Запуск приложения успешно завершен
2025-04-18 06:27:32,844 - api - INFO - Инициализация базы данных...
2025-04-18 06:27:34,340 - api - INFO - Запуск приложения успешно завершен
2025-04-18 06:33:52,322 - api - INFO - Инициализация базы данных...
2025-04-18 06:33:53,816 - api - INFO - Запуск приложения успешно завершен
2025-04-18 06:37:03,282 - api - INFO - Инициализация базы данных...
2025-04-18 06:37:04,632 - api - INFO - Запуск приложения успешно завершен
2025-04-18 06:39:59,912 - api - INFO - Инициализация базы данных...
2025-04-18 06:40:01,257 - api - INFO - Запуск приложения успешно завершен
2025-04-18 06:41:23,366 - api - INFO - Инициализация базы данных...
2025-04-18 06:41:24,718 - api - INFO - Запуск приложения успешно завершен
2025-04-18 06:42:33,131 - api - INFO - Инициализация базы данных...
2025-04-18 06:42:34,492 - api - INFO - Запуск приложения успешно завершен
2025-04-18 06:43:35,728 - api - INFO - Инициализация базы данных...
2025-04-18 06:43:37,169 - api - INFO - Запуск приложения успешно завершен
2025-04-18 06:54:39,029 - api - INFO - Инициализация базы данных...
2025-04-18 06:54:40,497 - api - INFO - Запуск приложения успешно завершен
2025-04-18 06:55:17,586 - api - INFO - Инициализация базы данных...
2025-04-18 06:55:19,099 - api - INFO - Запуск приложения успешно завершен
2025-04-18 06:56:01,252 - api - INFO - Инициализация базы данных...
2025-04-18 06:56:02,876 - api - INFO - Запуск приложения успешно завершен
2025-04-18 06:56:03,603 - api - INFO - Инициализация базы данных...
2025-04-18 06:56:04,946 - api - INFO - Запуск приложения успешно завершен
2025-04-18 07:10:04,011 - api - INFO - Инициализация базы данных...
2025-04-18 07:10:05,277 - api - INFO - Запуск приложения успешно завершен
2025-04-18 07:12:15,049 - api - INFO - Инициализация базы данных...
2025-04-18 07:12:16,483 - api - INFO - Запуск приложения успешно завершен
2025-04-18 07:13:34,779 - api - INFO - Инициализация базы данных...
2025-04-18 07:13:36,044 - api - INFO - Запуск приложения успешно завершен
2025-04-18 08:44:10,671 - api - INFO - Инициализация базы данных...
2025-04-18 08:44:12,082 - api - INFO - Запуск приложения успешно завершен
2025-04-18 08:44:16,478 - api - INFO - Инициализация базы данных...
2025-04-18 08:44:17,723 - api - INFO - Запуск приложения успешно завершен
2025-04-18 08:44:22,190 - api - INFO - Инициализация базы данных...
2025-04-18 08:44:24,291 - api - INFO - Запуск приложения успешно завершен
2025-04-18 08:48:07,192 - api - INFO - Инициализация базы данных...
2025-04-18 08:48:08,554 - api - INFO - Запуск приложения успешно завершен
2025-04-18 08:48:57,602 - api - INFO - Инициализация базы данных...
2025-04-18 08:48:58,921 - api - INFO - Запуск приложения успешно завершен
2025-04-18 08:49:07,582 - api - INFO - Инициализация базы данных...
2025-04-18 08:49:08,986 - api - INFO - Запуск приложения успешно завершен
2025-04-18 08:50:54,493 - api - INFO - Инициализация базы данных...
2025-04-18 08:50:55,790 - api - INFO - Запуск приложения успешно завершен
2025-04-18 08:54:00,221 - api - INFO - Инициализация базы данных...
2025-04-18 08:54:01,640 - api - INFO - Запуск приложения успешно завершен
2025-04-18 08:55:46,375 - api - INFO - Инициализация базы данных...
2025-04-18 08:55:47,687 - api - INFO - Запуск приложения успешно завершен
2025-04-18 09:14:45,623 - api - INFO - Инициализация базы данных...
2025-04-18 09:14:47,073 - api - INFO - Запуск приложения успешно завершен
2025-04-18 09:14:48,075 - api - INFO - Инициализация базы данных...
2025-04-18 09:14:49,299 - api - INFO - Запуск приложения успешно завершен
2025-04-18 09:14:49,947 - api - INFO - Инициализация базы данных...
2025-04-18 09:14:51,222 - api - INFO - Запуск приложения успешно завершен
2025-04-18 09:17:44,679 - api - INFO - Инициализация базы данных...
2025-04-18 09:17:46,133 - api - INFO - Запуск приложения успешно завершен
2025-04-18 09:17:48,761 - api - INFO - Инициализация базы данных...
2025-04-18 09:17:50,065 - api - INFO - Запуск приложения успешно завершен
2025-04-18 09:39:33,182 - api - INFO - Инициализация базы данных...
2025-04-18 09:39:34,502 - api - INFO - Запуск приложения успешно завершен
2025-04-18 09:49:52,721 - api - INFO - Инициализация базы данных...
2025-04-18 09:49:54,276 - api - INFO - Запуск приложения успешно завершен
2025-04-18 09:49:56,951 - api - INFO - Инициализация базы данных...
2025-04-18 09:49:58,193 - api - INFO - Запуск приложения успешно завершен
2025-04-18 09:49:58,946 - api - INFO - Инициализация базы данных...
2025-04-18 09:50:00,232 - api - INFO - Запуск приложения успешно завершен
2025-04-18 09:50:45,590 - api - INFO - Инициализация базы данных...
2025-04-18 09:50:47,065 - api - INFO - Запуск приложения успешно завершен
2025-04-18 09:50:49,977 - api - INFO - Инициализация базы данных...
2025-04-18 09:50:51,226 - api - INFO - Запуск приложения успешно завершен
2025-04-18 09:50:51,911 - api - INFO - Инициализация базы данных...
2025-04-18 09:50:53,197 - api - INFO - Запуск приложения успешно завершен
2025-04-18 09:51:07,314 - api - INFO - Инициализация базы данных...
2025-04-18 09:51:08,520 - api - INFO - Запуск приложения успешно завершен
2025-04-18 09:51:09,247 - api - INFO - Инициализация базы данных...
2025-04-18 09:51:11,136 - api - INFO - Запуск приложения успешно завершен
2025-04-18 10:07:13,762 - api - INFO - Инициализация базы данных...
2025-04-18 10:07:15,096 - api - INFO - Запуск приложения успешно завершен
2025-04-18 10:07:15,785 - api - INFO - Инициализация базы данных...
2025-04-18 10:07:17,023 - api - INFO - Запуск приложения успешно завершен
2025-04-18 10:08:25,908 - api - INFO - Инициализация базы данных...
2025-04-18 10:08:27,296 - api - INFO - Запуск приложения успешно завершен
2025-04-18 10:08:33,718 - api - INFO - Инициализация базы данных...
2025-04-18 10:08:35,011 - api - INFO - Запуск приложения успешно завершен
2025-04-18 10:08:35,785 - api - INFO - Инициализация базы данных...
2025-04-18 10:08:36,987 - api - INFO - Запуск приложения успешно завершен
2025-04-18 10:10:03,138 - api - INFO - Инициализация базы данных...
2025-04-18 10:10:04,335 - api - INFO - Запуск приложения успешно завершен
2025-04-18 10:14:20,422 - api - INFO - Инициализация базы данных...
2025-04-18 10:14:21,799 - api - INFO - Запуск приложения успешно завершен
2025-04-18 12:21:04,201 - api - INFO - Инициализация базы данных...
2025-04-18 12:21:05,761 - api - INFO - Запуск приложения успешно завершен
2025-04-18 16:25:09,447 - api - INFO - Инициализация базы данных...
2025-04-18 16:25:10,805 - api - INFO - Запуск приложения успешно завершен
2025-04-18 16:27:10,715 - api - INFO - Инициализация базы данных...
2025-04-18 16:27:12,052 - api - INFO - Запуск приложения успешно завершен
2025-04-18 16:27:56,075 - api - INFO - Инициализация базы данных...
2025-04-18 16:27:57,338 - api - INFO - Запуск приложения успешно завершен
2025-04-18 18:29:31,018 - api - INFO - Инициализация базы данных...
2025-04-18 18:29:32,072 - api - INFO - Запуск приложения успешно завершен
2025-04-18 18:30:44,694 - api - INFO - Инициализация базы данных...
2025-04-18 18:30:45,904 - api - INFO - Запуск приложения успешно завершен
2025-04-18 18:34:18,228 - api - INFO - Инициализация базы данных...
2025-04-18 18:34:19,734 - api - INFO - Запуск приложения успешно завершен
2025-04-18 18:34:53,460 - api - INFO - Инициализация базы данных...
2025-04-18 18:34:54,661 - api - INFO - Запуск приложения успешно завершен
2025-04-18 18:35:46,724 - api - INFO - Инициализация базы данных...
2025-04-18 18:35:47,986 - api - INFO - Запуск приложения успешно завершен
2025-04-18 18:39:04,009 - api - INFO - Инициализация базы данных...
2025-04-18 18:39:04,080 - api - ERROR - Ошибка при запуске: (psycopg2.errors.InvalidForeignKey) there is no unique constraint matching given keys for referenced table "user"

[SQL: 
CREATE TABLE mltask (
	status taskstatus NOT NULL, 
	result VARCHAR, 
	question VARCHAR, 
	id SERIAL NOT NULL, 
	user_id INTEGER NOT NULL, 
	created_at TIMESTAMP WITHOUT TIME ZONE NOT NULL, 
	updated_at TIMESTAMP WITHOUT TIME ZONE NOT NULL, 
	PRIMARY KEY (id), 
	FOREIGN KEY(user_id) REFERENCES "user" (id)
)

]
(Background on this error at: https://sqlalche.me/e/20/f405)
2025-04-18 18:39:12,545 - api - INFO - Инициализация базы данных...
2025-04-18 18:39:13,779 - api - INFO - Запуск приложения успешно завершен
2025-04-18 18:39:31,836 - api - INFO - Инициализация базы данных...
2025-04-18 18:39:31,899 - api - ERROR - Ошибка при запуске: (psycopg2.errors.InvalidForeignKey) there is no unique constraint matching given keys for referenced table "user"

[SQL: 
CREATE TABLE mltask (
	status taskstatus NOT NULL, 
	result VARCHAR, 
	question VARCHAR, 
	id SERIAL NOT NULL, 
	user_id INTEGER NOT NULL, 
	created_at TIMESTAMP WITHOUT TIME ZONE NOT NULL, 
	updated_at TIMESTAMP WITHOUT TIME ZONE NOT NULL, 
	PRIMARY KEY (id), 
	FOREIGN KEY(user_id) REFERENCES "user" (id)
)

]
(Background on this error at: https://sqlalche.me/e/20/f405)
2025-04-18 18:39:36,637 - api - INFO - Инициализация базы данных...
2025-04-18 18:39:37,829 - api - INFO - Запуск приложения успешно завершен
2025-04-18 18:40:50,861 - api - INFO - Инициализация базы данных...
2025-04-18 18:40:52,385 - api - INFO - Запуск приложения успешно завершен
2025-04-18 18:42:27,616 - api - INFO - Инициализация базы данных...
2025-04-18 18:42:29,013 - api - INFO - Запуск приложения успешно завершен
2025-04-18 18:42:31,880 - api - INFO - Инициализация базы данных...
2025-04-18 18:42:33,254 - api - INFO - Запуск приложения успешно завершен
2025-04-18 18:42:36,302 - api - INFO - Инициализация базы данных...
2025-04-18 18:42:37,694 - api - INFO - Запуск приложения успешно завершен
2025-04-18 18:42:39,100 - api - INFO - Инициализация базы данных...
2025-04-18 18:42:40,497 - api - INFO - Запуск приложения успешно завершен
2025-04-18 18:42:42,973 - api - INFO - Инициализация базы данных...
2025-04-18 18:42:44,234 - api - INFO - Запуск приложения успешно завершен
2025-04-18 18:42:49,171 - api - INFO - Инициализация базы данных...
2025-04-18 18:42:50,594 - api - INFO - Запуск приложения успешно завершен
2025-04-18 18:42:51,597 - api - INFO - Инициализация базы данных...
2025-04-18 18:42:52,881 - api - INFO - Запуск приложения успешно завершен
2025-04-18 18:43:35,754 - api - INFO - Инициализация базы данных...
2025-04-18 18:43:37,441 - api - INFO - Запуск приложения успешно завершен
2025-04-18 18:43:45,796 - api - INFO - Инициализация базы данных...
2025-04-18 18:43:47,229 - api - INFO - Запуск приложения успешно завершен
2025-04-18 18:45:02,217 - api - INFO - Инициализация базы данных...
2025-04-18 18:45:03,574 - api - INFO - Запуск приложения успешно завершен
2025-04-18 18:45:05,098 - api - INFO - Инициализация базы данных...
2025-04-18 18:45:06,285 - api - INFO - Запуск приложения успешно завершен
2025-04-18 18:45:23,024 - api - INFO - Инициализация базы данных...
2025-04-18 18:45:24,234 - api - INFO - Запуск приложения успешно завершен
2025-04-18 18:45:24,887 - api - INFO - Инициализация базы данных...
2025-04-18 18:45:26,130 - api - INFO - Запуск приложения успешно завершен
2025-04-18 18:45:34,747 - api - INFO - Инициализация базы данных...
2025-04-18 18:45:36,042 - api - INFO - Запуск приложения успешно завершен
2025-04-18 18:45:48,708 - api - INFO - Инициализация базы данных...
2025-04-18 18:45:50,051 - api - INFO - Запуск приложения успешно завершен
2025-04-18 18:45:51,915 - api - INFO - Инициализация базы данных...
2025-04-18 18:45:53,292 - api - INFO - Запуск приложения успешно завершен
2025-04-18 18:46:22,641 - api - INFO - Инициализация базы данных...
2025-04-18 18:46:23,842 - api - INFO - Запуск приложения успешно завершен
2025-04-18 18:46:24,598 - api - INFO - Инициализация базы данных...
2025-04-18 18:46:25,842 - api - INFO - Запуск приложения успешно завершен
2025-04-18 18:46:26,860 - api - INFO - Инициализация базы данных...
2025-04-18 18:46:28,079 - api - INFO - Запуск приложения успешно завершен
2025-04-18 18:47:40,065 - api - INFO - Инициализация базы данных...
2025-04-18 18:47:41,447 - api - INFO - Запуск приложения успешно завершен
2025-04-18 18:47:42,268 - api - INFO - Инициализация базы данных...
2025-04-18 18:47:43,979 - api - INFO - Запуск приложения успешно завершен
2025-04-18 18:47:44,864 - api - INFO - Инициализация базы данных...
2025-04-18 18:47:46,115 - api - INFO - Запуск приложения успешно завершен
2025-04-18 18:48:14,533 - api - INFO - Инициализация базы данных...
2025-04-18 18:48:15,844 - api - INFO - Запуск приложения успешно завершен
2025-04-18 18:48:19,751 - api - INFO - Инициализация базы данных...
2025-04-18 18:48:21,122 - api - INFO - Запуск приложения успешно завершен
2025-04-18 18:48:22,896 - api - INFO - Инициализация базы данных...
2025-04-18 18:48:24,026 - api - INFO - Запуск приложения успешно завершен
2025-04-18 18:48:56,561 - api - INFO - Инициализация базы данных...
2025-04-18 18:48:58,034 - api - INFO - Запуск приложения успешно завершен
2025-04-18 18:49:05,320 - api - INFO - Инициализация базы данных...
2025-04-18 18:49:06,676 - api - INFO - Запуск приложения успешно завершен
2025-04-18 18:49:12,397 - api - INFO - Инициализация базы данных...
2025-04-18 18:49:13,888 - api - INFO - Запуск приложения успешно завершен
2025-04-18 18:49:20,617 - api - INFO - Инициализация базы данных...
2025-04-18 18:49:21,908 - api - INFO - Запуск приложения успешно завершен
2025-04-18 18:49:33,306 - api - INFO - Инициализация базы данных...
2025-04-18 18:49:34,610 - api - INFO - Запуск приложения успешно завершен
2025-04-18 18:49:36,816 - api - INFO - Инициализация базы данных...
2025-04-18 18:49:38,013 - api - INFO - Запуск приложения успешно завершен
2025-04-18 18:49:38,696 - api - INFO - Инициализация базы данных...
2025-04-18 18:49:39,924 - api - INFO - Запуск приложения успешно завершен
2025-04-18 18:49:50,068 - api - INFO - Инициализация базы данных...
2025-04-18 18:49:51,426 - api - INFO - Запуск приложения успешно завершен
2025-04-18 18:49:52,428 - api - INFO - Инициализация базы данных...
2025-04-18 18:49:53,878 - api - INFO - Запуск приложения успешно завершен
2025-04-18 18:49:57,456 - api - INFO - Инициализация базы данных...
2025-04-18 18:49:58,787 - api - INFO - Запуск приложения успешно завершен
2025-04-18 18:50:00,035 - api - INFO - Инициализация базы данных...
2025-04-18 18:50:01,567 - api - INFO - Запуск приложения успешно завершен
2025-04-18 18:50:03,504 - api - INFO - Инициализация базы данных...
2025-04-18 18:50:04,717 - api - INFO - Запуск приложения успешно завершен
2025-04-18 18:50:05,498 - api - INFO - Инициализация базы данных...
2025-04-18 18:50:06,800 - api - INFO - Запуск приложения успешно завершен
2025-04-18 18:50:11,933 - api - INFO - Инициализация базы данных...
2025-04-18 18:50:13,228 - api - INFO - Запуск приложения успешно завершен
2025-04-18 18:50:17,130 - api - INFO - Инициализация базы данных...
2025-04-18 18:50:18,404 - api - INFO - Запуск приложения успешно завершен
2025-04-18 18:50:53,882 - api - INFO - Инициализация базы данных...
2025-04-18 18:50:55,211 - api - INFO - Запуск приложения успешно завершен
2025-04-18 18:50:56,079 - api - INFO - Инициализация базы данных...
2025-04-18 18:50:57,308 - api - INFO - Запуск приложения успешно завершен
2025-04-18 18:51:00,612 - api - INFO - Инициализация базы данных...
2025-04-18 18:51:02,153 - api - INFO - Запуск приложения успешно завершен
2025-04-18 18:58:45,771 - api - INFO - Инициализация базы данных...
2025-04-18 18:58:47,002 - api - INFO - Запуск приложения успешно завершен
2025-04-18 18:59:51,228 - api - INFO - Инициализация базы данных...
2025-04-18 18:59:52,466 - api - INFO - Запуск приложения успешно завершен
2025-04-18 19:00:27,282 - api - INFO - Инициализация базы данных...
2025-04-18 19:00:28,587 - api - INFO - Запуск приложения успешно завершен
2025-04-18 19:00:32,110 - api - INFO - Инициализация базы данных...
2025-04-18 19:00:33,366 - api - INFO - Запуск приложения успешно завершен
2025-04-18 19:05:16,018 - api - INFO - Инициализация базы данных...
2025-04-18 19:05:17,233 - api - INFO - Запуск приложения успешно завершен
2025-04-18 19:05:22,086 - api - INFO - Инициализация базы данных...
2025-04-18 19:05:23,327 - api - INFO - Запуск приложения успешно завершен
2025-04-18 19:05:32,538 - api - INFO - Инициализация базы данных...
2025-04-18 19:05:33,880 - api - INFO - Запуск приложения успешно завершен
2025-04-18 19:06:33,887 - api - INFO - Инициализация базы данных...
2025-04-18 19:06:35,149 - api - INFO - Запуск приложения успешно завершен
2025-04-18 19:06:38,878 - api - INFO - Инициализация базы данных...
2025-04-18 19:06:40,251 - api - INFO - Запуск приложения успешно завершен
2025-04-18 19:07:01,488 - api - INFO - Инициализация базы данных...
2025-04-18 19:07:02,714 - api - INFO - Запуск приложения успешно завершен
2025-04-18 19:07:15,534 - api - INFO - Инициализация базы данных...
2025-04-18 19:07:17,237 - api - INFO - Запуск приложения успешно завершен
2025-04-18 19:08:30,145 - api - INFO - Инициализация базы данных...
2025-04-18 19:08:31,554 - api - INFO - Запуск приложения успешно завершен
2025-04-18 19:08:47,406 - api - INFO - Инициализация базы данных...
2025-04-18 19:08:48,686 - api - INFO - Запуск приложения успешно завершен
2025-04-18 19:09:42,578 - api - INFO - Инициализация базы данных...
2025-04-18 19:09:43,902 - api - INFO - Запуск приложения успешно завершен
2025-04-18 19:09:51,103 - api - INFO - Инициализация базы данных...
2025-04-18 19:09:52,548 - api - INFO - Запуск приложения успешно завершен
2025-04-18 19:09:53,320 - api - INFO - Инициализация базы данных...
2025-04-18 19:09:54,497 - api - INFO - Запуск приложения успешно завершен
2025-04-18 19:10:07,685 - api - INFO - Инициализация базы данных...
2025-04-18 19:10:09,006 - api - INFO - Запуск приложения успешно завершен
2025-04-18 19:10:16,247 - api - INFO - Инициализация базы данных...
2025-04-18 19:10:17,529 - api - INFO - Запуск приложения успешно завершен
2025-04-18 19:10:23,848 - api - INFO - Инициализация базы данных...
2025-04-18 19:10:25,096 - api - INFO - Запуск приложения успешно завершен
2025-04-19 08:42:16,492 - api - INFO - Инициализация базы данных...
2025-04-19 08:42:17,888 - api - INFO - Запуск приложения успешно завершен
2025-04-19 08:42:33,353 - api - INFO - Инициализация базы данных...
2025-04-19 08:42:34,650 - api - INFO - Запуск приложения успешно завершен
2025-04-19 08:42:35,512 - api - INFO - Инициализация базы данных...
2025-04-19 08:42:36,902 - api - INFO - Запуск приложения успешно завершен
2025-04-19 08:42:37,665 - api - INFO - Инициализация базы данных...
2025-04-19 08:42:39,021 - api - INFO - Запуск приложения успешно завершен
2025-04-19 08:42:51,473 - api - INFO - Инициализация базы данных...
2025-04-19 08:42:52,856 - api - INFO - Запуск приложения успешно завершен
2025-04-19 08:42:53,662 - api - INFO - Инициализация базы данных...
2025-04-19 08:42:54,941 - api - INFO - Запуск приложения успешно завершен
2025-04-19 08:44:52,030 - api - INFO - Инициализация базы данных...
2025-04-19 08:44:53,612 - api - INFO - Запуск приложения успешно завершен
2025-04-19 08:44:59,646 - api - INFO - Инициализация базы данных...
2025-04-19 08:45:01,049 - api - INFO - Запуск приложения успешно завершен
2025-04-19 08:45:01,659 - routes.user - INFO - Retrieved 0 users
2025-04-19 08:45:49,037 - api - INFO - Инициализация базы данных...
2025-04-19 08:45:50,438 - api - INFO - Запуск приложения успешно завершен
2025-04-19 08:45:53,820 - api - INFO - Инициализация базы данных...
2025-04-19 08:45:55,115 - api - INFO - Запуск приложения успешно завершен
2025-04-19 08:46:01,135 - api - INFO - Инициализация базы данных...
2025-04-19 08:46:02,412 - api - INFO - Запуск приложения успешно завершен
2025-04-19 08:46:06,984 - api - INFO - Инициализация базы данных...
2025-04-19 08:46:08,172 - api - INFO - Запуск приложения успешно завершен
2025-04-19 08:46:12,649 - api - INFO - Инициализация базы данных...
2025-04-19 08:46:13,948 - api - INFO - Запуск приложения успешно завершен
2025-04-19 08:46:14,690 - api - INFO - Инициализация базы данных...
2025-04-19 08:46:16,454 - api - INFO - Запуск приложения успешно завершен
2025-04-19 08:46:35,832 - api - INFO - Инициализация базы данных...
2025-04-19 08:46:37,178 - api - INFO - Запуск приложения успешно завершен
2025-04-19 08:46:43,837 - api - INFO - Инициализация базы данных...
2025-04-19 08:46:45,269 - api - INFO - Запуск приложения успешно завершен
2025-04-19 08:46:46,955 - api - INFO - Инициализация базы данных...
2025-04-19 08:46:48,246 - api - INFO - Запуск приложения успешно завершен
2025-04-19 08:46:49,328 - api - INFO - Инициализация базы данных...
2025-04-19 08:46:50,663 - api - INFO - Запуск приложения успешно завершен
2025-04-19 08:47:04,281 - api - INFO - Инициализация базы данных...
2025-04-19 08:47:05,629 - api - INFO - Запуск приложения успешно завершен
2025-04-19 08:47:08,475 - api - INFO - Инициализация базы данных...
2025-04-19 08:47:09,954 - api - INFO - Запуск приложения успешно завершен
2025-04-19 08:47:36,901 - api - INFO - Инициализация базы данных...
2025-04-19 08:47:38,390 - api - INFO - Запуск приложения успешно завершен
2025-04-19 08:47:40,881 - api - INFO - Инициализация базы данных...
2025-04-19 08:47:42,371 - api - INFO - Запуск приложения успешно завершен
2025-04-19 08:47:44,069 - api - INFO - Инициализация базы данных...
2025-04-19 08:47:45,350 - api - INFO - Запуск приложения успешно завершен
2025-04-19 08:47:46,868 - api - INFO - Инициализация базы данных...
2025-04-19 08:47:48,957 - api - INFO - Запуск приложения успешно завершен
2025-04-19 08:47:56,425 - routes.user - INFO - Retrieved 0 users
2025-04-19 08:48:17,956 - api - INFO - Инициализация базы данных...
2025-04-19 08:48:19,287 - api - INFO - Запуск приложения успешно завершен
2025-04-19 08:48:25,774 - routes.user - INFO - Retrieved 0 users
2025-04-19 08:48:47,143 - api - INFO - Инициализация базы данных...
2025-04-19 08:48:48,508 - api - INFO - Запуск приложения успешно завершен
2025-04-19 08:48:52,138 - api - INFO - Инициализация базы данных...
2025-04-19 08:48:53,516 - api - INFO - Запуск приложения успешно завершен
2025-04-19 08:48:55,782 - api - INFO - Инициализация базы данных...
2025-04-19 08:48:56,844 - routes.user - INFO - Retrieved 0 users
2025-04-19 08:48:57,160 - api - INFO - Запуск приложения успешно завершен
2025-04-19 08:49:23,331 - api - INFO - Инициализация базы данных...
2025-04-19 08:49:24,709 - api - INFO - Запуск приложения успешно завершен
2025-04-19 08:49:26,191 - api - INFO - Инициализация базы данных...
2025-04-19 08:49:27,769 - api - INFO - Запуск приложения успешно завершен
2025-04-19 08:49:28,793 - routes.user - INFO - Retrieved 0 users
2025-04-19 08:49:41,879 - api - INFO - Инициализация базы данных...
2025-04-19 08:49:43,181 - api - INFO - Запуск приложения успешно завершен
2025-04-19 08:49:48,138 - routes.user - INFO - Retrieved 0 users
2025-04-19 08:49:59,872 - api - INFO - Инициализация базы данных...
2025-04-19 08:50:01,160 - api - INFO - Запуск приложения успешно завершен
2025-04-19 08:50:06,225 - api - INFO - Инициализация базы данных...
2025-04-19 08:50:07,638 - api - INFO - Запуск приложения успешно завершен
2025-04-19 08:50:09,217 - api - INFO - Инициализация базы данных...
2025-04-19 08:50:10,637 - api - INFO - Запуск приложения успешно завершен
2025-04-19 08:50:11,922 - api - INFO - Инициализация базы данных...
2025-04-19 08:50:13,321 - api - INFO - Запуск приложения успешно завершен
2025-04-19 08:50:14,064 - api - INFO - Инициализация базы данных...
2025-04-19 08:50:15,458 - api - INFO - Запуск приложения успешно завершен
2025-04-19 08:50:16,326 - api - INFO - Инициализация базы данных...
2025-04-19 08:50:17,574 - api - INFO - Запуск приложения успешно завершен
2025-04-19 08:50:18,888 - api - INFO - Инициализация базы данных...
2025-04-19 08:50:20,960 - api - INFO - Запуск приложения успешно завершен
2025-04-19 08:50:23,705 - routes.user - INFO - Retrieved 0 users
2025-04-19 08:50:43,038 - api - INFO - Инициализация базы данных...
2025-04-19 08:50:43,655 - routes.user - INFO - Retrieved 0 users
2025-04-19 08:50:44,502 - api - INFO - Запуск приложения успешно завершен
2025-04-19 08:50:57,357 - api - INFO - Инициализация базы данных...
2025-04-19 08:50:59,344 - api - INFO - Запуск приложения успешно завершен
2025-04-19 08:51:00,263 - api - INFO - Инициализация базы данных...
2025-04-19 08:51:02,214 - api - INFO - Запуск приложения успешно завершен
2025-04-19 08:51:26,264 - api - INFO - Инициализация базы данных...
2025-04-19 08:51:27,583 - api - INFO - Запуск приложения успешно завершен
2025-04-19 08:51:28,296 - api - INFO - Инициализация базы данных...
2025-04-19 08:51:29,569 - api - INFO - Запуск приложения успешно завершен
2025-04-19 08:51:31,530 - api - INFO - Инициализация базы данных...
2025-04-19 08:51:32,837 - api - INFO - Запуск приложения успешно завершен
2025-04-19 08:51:40,950 - api - INFO - Инициализация базы данных...
2025-04-19 08:51:42,306 - api - INFO - Запуск приложения успешно завершен
2025-04-19 08:51:44,126 - api - INFO - Инициализация базы данных...
2025-04-19 08:51:45,481 - api - INFO - Запуск приложения успешно завершен
2025-04-19 08:51:52,879 - api - INFO - Инициализация базы данных...
2025-04-19 08:51:54,265 - api - INFO - Запуск приложения успешно завершен
2025-04-19 08:51:56,374 - api - INFO - Инициализация базы данных...
2025-04-19 08:51:57,717 - api - INFO - Запуск приложения успешно завершен
2025-04-19 08:51:59,561 - api - INFO - Инициализация базы данных...
2025-04-19 08:52:00,746 - api - INFO - Запуск приложения успешно завершен
2025-04-19 08:52:05,631 - api - INFO - Инициализация базы данных...
2025-04-19 08:52:07,485 - api - INFO - Запуск приложения успешно завершен
2025-04-19 08:52:09,859 - routes.user - INFO - Retrieved 0 users
2025-04-19 08:52:36,628 - api - INFO - Инициализация базы данных...
2025-04-19 08:52:37,835 - api - INFO - Запуск приложения успешно завершен
2025-04-19 08:52:38,630 - api - INFO - Инициализация базы данных...
2025-04-19 08:52:39,840 - api - INFO - Запуск приложения успешно завершен
2025-04-19 08:52:46,879 - api - INFO - Инициализация базы данных...
2025-04-19 08:52:48,242 - api - INFO - Запуск приложения успешно завершен
2025-04-19 08:52:51,924 - api - INFO - Инициализация базы данных...
2025-04-19 08:52:53,171 - api - INFO - Запуск приложения успешно завершен
2025-04-19 08:52:57,689 - api - INFO - Инициализация базы данных...
2025-04-19 08:52:59,016 - api - INFO - Запуск приложения успешно завершен
2025-04-19 08:53:01,810 - api - INFO - Инициализация базы данных...
2025-04-19 08:53:03,094 - api - INFO - Запуск приложения успешно завершен
2025-04-19 08:53:06,710 - api - INFO - Инициализация базы данных...
2025-04-19 08:53:07,989 - api - INFO - Запуск приложения успешно завершен
2025-04-19 08:53:22,659 - routes.user - INFO - Retrieved 0 users
2025-04-19 08:53:57,341 - routes.user - INFO - Retrieved 0 users
2025-04-19 08:54:11,794 - api - INFO - Инициализация базы данных...
2025-04-19 08:54:13,098 - api - INFO - Запуск приложения успешно завершен
2025-04-19 09:11:12,746 - api - INFO - Инициализация базы данных...
2025-04-19 09:11:14,678 - api - INFO - Запуск приложения успешно завершен
2025-04-19 09:12:10,717 - routes.user - INFO - Retrieved 0 users
2025-04-19 09:12:28,802 - api - INFO - Инициализация базы данных...
2025-04-19 09:12:30,093 - api - INFO - Запуск приложения успешно завершен
2025-04-19 09:12:30,854 - api - INFO - Инициализация базы данных...
2025-04-19 09:12:32,037 - api - INFO - Запуск приложения успешно завершен
2025-04-19 09:12:53,371 - api - INFO - Инициализация базы данных...
2025-04-19 09:12:54,688 - api - INFO - Запуск приложения успешно завершен
2025-04-19 09:12:56,369 - api - INFO - Инициализация базы данных...
2025-04-19 09:12:57,547 - api - INFO - Запуск приложения успешно завершен
2025-04-19 09:12:58,396 - api - INFO - Инициализация базы данных...
2025-04-19 09:12:59,648 - api - INFO - Запуск приложения успешно завершен
2025-04-19 09:13:05,204 - api - INFO - Инициализация базы данных...
2025-04-19 09:13:06,414 - api - INFO - Запуск приложения успешно завершен
2025-04-19 09:13:09,821 - api - INFO - Инициализация базы данных...
2025-04-19 09:13:11,141 - api - INFO - Запуск приложения успешно завершен
2025-04-19 09:13:13,046 - api - INFO - Инициализация базы данных...
2025-04-19 09:13:14,344 - api - INFO - Запуск приложения успешно завершен
2025-04-19 09:13:16,626 - api - INFO - Инициализация базы данных...
2025-04-19 09:13:18,233 - api - INFO - Запуск приложения успешно завершен
2025-04-19 09:13:19,251 - api - INFO - Инициализация базы данных...
2025-04-19 09:13:20,539 - api - INFO - Запуск приложения успешно завершен
2025-04-19 09:13:21,132 - routes.user - INFO - Retrieved 0 users
2025-04-19 09:15:27,981 - api - INFO - Инициализация базы данных...
2025-04-19 09:15:29,426 - api - INFO - Запуск приложения успешно завершен
2025-04-19 09:15:38,181 - api - INFO - Инициализация базы данных...
2025-04-19 09:15:39,583 - api - INFO - Запуск приложения успешно завершен
2025-04-19 09:19:42,016 - api - INFO - Инициализация базы данных...
2025-04-19 09:19:43,386 - api - INFO - Запуск приложения успешно завершен
2025-04-19 09:19:44,215 - api - INFO - Инициализация базы данных...
2025-04-19 09:19:45,581 - api - INFO - Запуск приложения успешно завершен
2025-04-19 09:19:49,959 - api - INFO - Инициализация базы данных...
2025-04-19 09:19:51,207 - api - INFO - Запуск приложения успешно завершен
2025-04-19 09:19:58,740 - api - INFO - Инициализация базы данных...
2025-04-19 09:20:00,142 - api - INFO - Запуск приложения успешно завершен
2025-04-19 09:20:07,760 - api - INFO - Инициализация базы данных...
2025-04-19 09:20:09,004 - api - INFO - Запуск приложения успешно завершен
2025-04-19 09:20:21,165 - api - INFO - Инициализация базы данных...
2025-04-19 09:20:22,404 - api - INFO - Запуск приложения успешно завершен
2025-04-19 09:21:20,763 - api - INFO - Инициализация базы данных...
2025-04-19 09:21:22,013 - api - INFO - Запуск приложения успешно завершен
2025-04-19 09:21:33,612 - api - INFO - Инициализация базы данных...
2025-04-19 09:21:34,900 - api - INFO - Запуск приложения успешно завершен
2025-04-19 09:21:35,750 - api - INFO - Инициализация базы данных...
2025-04-19 09:21:36,995 - api - INFO - Запуск приложения успешно завершен
2025-04-19 09:21:38,429 - api - INFO - Инициализация базы данных...
2025-04-19 09:21:39,822 - api - INFO - Запуск приложения успешно завершен
2025-04-19 09:21:41,907 - api - INFO - Инициализация базы данных...
2025-04-19 09:21:43,131 - api - INFO - Запуск приложения успешно завершен
2025-04-19 09:21:43,895 - api - INFO - Инициализация базы данных...
2025-04-19 09:21:45,166 - api - INFO - Запуск приложения успешно завершен
2025-04-19 09:21:46,192 - api - INFO - Инициализация базы данных...
2025-04-19 09:21:47,454 - api - INFO - Запуск приложения успешно завершен
2025-04-19 09:21:48,162 - api - INFO - Инициализация базы данных...
2025-04-19 09:21:49,726 - api - INFO - Запуск приложения успешно завершен
2025-04-19 09:22:05,405 - api - INFO - Инициализация базы данных...
2025-04-19 09:22:06,663 - api - INFO - Запуск приложения успешно завершен
2025-04-19 09:22:15,692 - api - INFO - Инициализация базы данных...
2025-04-19 09:22:17,306 - api - INFO - Запуск приложения успешно завершен
2025-04-19 09:22:18,134 - api - INFO - Инициализация базы данных...
2025-04-19 09:22:19,511 - api - INFO - Запуск приложения успешно завершен
2025-04-19 09:22:51,310 - api - INFO - Инициализация базы данных...
2025-04-19 09:22:52,583 - api - INFO - Запуск приложения успешно завершен
2025-04-19 09:22:55,310 - api - INFO - Инициализация базы данных...
2025-04-19 09:22:56,659 - api - INFO - Запуск приложения успешно завершен
2025-04-19 09:32:29,012 - api - INFO - Инициализация базы данных...
2025-04-19 09:32:30,913 - api - INFO - Запуск приложения успешно завершен
2025-04-19 09:32:46,662 - routes.user - INFO - Retrieved 0 users
2025-04-19 09:33:03,863 - api - INFO - Инициализация базы данных...
2025-04-19 09:33:05,168 - api - INFO - Запуск приложения успешно завершен
2025-04-19 09:33:14,479 - api - INFO - Инициализация базы данных...
2025-04-19 09:33:15,729 - api - INFO - Запуск приложения успешно завершен
2025-04-19 09:33:16,389 - api - INFO - Инициализация базы данных...
2025-04-19 09:33:17,615 - api - INFO - Запуск приложения успешно завершен
2025-04-19 09:33:21,848 - api - INFO - Инициализация базы данных...
2025-04-19 09:33:23,091 - api - INFO - Запуск приложения успешно завершен
2025-04-19 09:33:26,486 - api - INFO - Инициализация базы данных...
2025-04-19 09:33:27,880 - api - INFO - Запуск приложения успешно завершен
2025-04-19 09:33:56,579 - api - INFO - Инициализация базы данных...
2025-04-19 09:33:57,910 - api - INFO - Запуск приложения успешно завершен
2025-04-19 09:36:51,296 - api - INFO - Инициализация базы данных...
2025-04-19 09:36:52,652 - api - INFO - Запуск приложения успешно завершен
2025-04-19 09:36:53,515 - api - INFO - Инициализация базы данных...
2025-04-19 09:36:54,712 - api - INFO - Запуск приложения успешно завершен
2025-04-19 09:36:58,056 - api - INFO - Инициализация базы данных...
2025-04-19 09:36:59,348 - api - INFO - Запуск приложения успешно завершен
2025-04-19 09:36:59,941 - api - INFO - Инициализация базы данных...
2025-04-19 09:37:01,134 - api - INFO - Запуск приложения успешно завершен
2025-04-19 09:37:06,957 - api - INFO - Инициализация базы данных...
2025-04-19 09:37:08,143 - api - INFO - Запуск приложения успешно завершен
2025-04-19 09:37:18,191 - api - INFO - Инициализация базы данных...
2025-04-19 09:37:19,547 - api - INFO - Запуск приложения успешно завершен
2025-04-19 09:37:22,326 - api - INFO - Инициализация базы данных...
2025-04-19 09:37:23,585 - api - INFO - Запуск приложения успешно завершен
2025-04-19 09:37:27,564 - api - INFO - Инициализация базы данных...
2025-04-19 09:37:28,848 - api - INFO - Запуск приложения успешно завершен
2025-04-19 09:37:32,604 - api - INFO - Инициализация базы данных...
2025-04-19 09:37:33,927 - api - INFO - Запуск приложения успешно завершен
2025-04-19 09:37:38,367 - api - INFO - Инициализация базы данных...
2025-04-19 09:37:39,820 - api - INFO - Запуск приложения успешно завершен
2025-04-19 09:37:43,006 - api - INFO - Инициализация базы данных...
2025-04-19 09:37:44,198 - api - INFO - Запуск приложения успешно завершен
2025-04-19 09:37:49,094 - api - INFO - Инициализация базы данных...
2025-04-19 09:37:50,281 - api - INFO - Запуск приложения успешно завершен
2025-04-19 09:37:57,946 - api - INFO - Инициализация базы данных...
2025-04-19 09:37:59,474 - api - INFO - Запуск приложения успешно завершен
2025-04-19 09:38:30,609 - api - INFO - Инициализация базы данных...
2025-04-19 09:38:31,840 - api - INFO - Запуск приложения успешно завершен
2025-04-19 09:38:38,315 - api - INFO - Инициализация базы данных...
2025-04-19 09:38:39,650 - api - INFO - Запуск приложения успешно завершен
2025-04-19 09:38:40,296 - api - INFO - Инициализация базы данных...
2025-04-19 09:38:41,617 - api - INFO - Запуск приложения успешно завершен
2025-04-19 09:38:42,800 - api - INFO - Инициализация базы данных...
2025-04-19 09:38:44,030 - api - INFO - Запуск приложения успешно завершен
2025-04-19 09:38:44,742 - api - INFO - Инициализация базы данных...
2025-04-19 09:38:46,055 - api - INFO - Запуск приложения успешно завершен
2025-04-19 09:38:51,992 - api - INFO - Инициализация базы данных...
2025-04-19 09:38:53,245 - api - INFO - Запуск приложения успешно завершен
2025-04-19 09:38:53,878 - api - INFO - Инициализация базы данных...
2025-04-19 09:38:55,146 - api - INFO - Запуск приложения успешно завершен
2025-04-19 09:38:55,854 - api - INFO - Инициализация базы данных...
2025-04-19 09:38:57,202 - api - INFO - Запуск приложения успешно завершен
2025-04-19 09:38:59,010 - api - INFO - Инициализация базы данных...
2025-04-19 09:39:00,202 - api - INFO - Запуск приложения успешно завершен
2025-04-19 09:39:06,217 - api - INFO - Инициализация базы данных...
2025-04-19 09:39:07,475 - api - INFO - Запуск приложения успешно завершен
2025-04-19 09:39:16,428 - api - INFO - Инициализация базы данных...
2025-04-19 09:39:17,765 - api - INFO - Запуск приложения успешно завершен
2025-04-19 09:39:23,650 - api - INFO - Инициализация базы данных...
2025-04-19 09:39:24,880 - api - INFO - Запуск приложения успешно завершен
2025-04-19 09:39:27,183 - api - INFO - Инициализация базы данных...
2025-04-19 09:39:28,643 - api - INFO - Запуск приложения успешно завершен
2025-04-19 09:39:30,637 - api - INFO - Инициализация базы данных...
2025-04-19 09:39:31,843 - api - INFO - Запуск приложения успешно завершен
2025-04-19 09:39:34,466 - api - INFO - Инициализация базы данных...
2025-04-19 09:39:35,668 - api - INFO - Запуск приложения успешно завершен
2025-04-19 09:39:40,118 - api - INFO - Инициализация базы данных...
2025-04-19 09:39:41,412 - api - INFO - Запуск приложения успешно завершен
2025-04-19 09:39:53,054 - api - INFO - Инициализация базы данных...
2025-04-19 09:39:54,254 - api - INFO - Запуск приложения успешно завершен
2025-04-19 09:42:06,152 - api - INFO - Инициализация базы данных...
2025-04-19 09:42:07,366 - api - INFO - Запуск приложения успешно завершен
2025-04-19 09:42:07,963 - api - INFO - Инициализация базы данных...
2025-04-19 09:42:09,159 - api - INFO - Запуск приложения успешно завершен
2025-04-19 09:42:11,515 - api - INFO - Инициализация базы данных...
2025-04-19 09:42:12,827 - api - INFO - Запуск приложения успешно завершен
2025-04-19 09:42:27,162 - api - INFO - Инициализация базы данных...
2025-04-19 09:42:28,380 - api - INFO - Запуск приложения успешно завершен
2025-04-19 09:42:30,742 - api - INFO - Инициализация базы данных...
2025-04-19 09:42:31,929 - api - INFO - Запуск приложения успешно завершен
2025-04-19 09:42:37,271 - api - INFO - Инициализация базы данных...
2025-04-19 09:42:38,528 - api - INFO - Запуск приложения успешно завершен
2025-04-19 09:42:41,838 - api - INFO - Инициализация базы данных...
2025-04-19 09:42:43,050 - api - INFO - Запуск приложения успешно завершен
2025-04-19 09:42:54,267 - api - INFO - Инициализация базы данных...
2025-04-19 09:42:55,489 - api - INFO - Запуск приложения успешно завершен
2025-04-19 09:42:58,184 - api - INFO - Инициализация базы данных...
2025-04-19 09:42:59,373 - api - INFO - Запуск приложения успешно завершен
2025-04-19 09:43:00,704 - api - INFO - Инициализация базы данных...
2025-04-19 09:43:01,913 - api - INFO - Запуск приложения успешно завершен
2025-04-19 09:43:06,961 - api - INFO - Инициализация базы данных...
2025-04-19 09:43:08,158 - api - INFO - Запуск приложения успешно завершен
2025-04-19 09:43:09,908 - api - INFO - Инициализация базы данных...
2025-04-19 09:43:11,116 - api - INFO - Запуск приложения успешно завершен
2025-04-19 09:43:12,451 - api - INFO - Инициализация базы данных...
2025-04-19 09:43:13,633 - api - INFO - Запуск приложения успешно завершен
2025-04-19 09:43:18,290 - api - INFO - Инициализация базы данных...
2025-04-19 09:43:19,648 - api - INFO - Запуск приложения успешно завершен
2025-04-19 09:44:14,172 - api - INFO - Инициализация базы данных...
2025-04-19 09:44:15,494 - api - INFO - Запуск приложения успешно завершен
